<?xml version="1.0" encoding="UTF-8"?>
<testng-results skipped="0" failed="0" ignored="0" total="1" passed="1">
  <reporter-output>
  </reporter-output>
  <suite name="Default suite" duration-ms="58" started-at="2022-06-14T07:07:49Z" finished-at="2022-06-14T07:07:49Z">
    <groups>
    </groups>
    <test name="Default test" duration-ms="58" started-at="2022-06-14T07:07:49Z" finished-at="2022-06-14T07:07:49Z">
      <class name="org.test.Sample">
        <test-method status="PASS" signature="test()[pri:0, instance:org.test.Sample@16ce702d]" name="test" duration-ms="16" started-at="2022-06-14T07:07:49Z" finished-at="2022-06-14T07:07:49Z">
          <reporter-output>
          </reporter-output>
        </test-method> <!-- test -->
      </class> <!-- org.test.Sample -->
    </test> <!-- Default test -->
  </suite> <!-- Default suite -->
</testng-results>
